> @@CreateTables.sql
table USERS created.
unique index USERS_PK created.
unique index USERS_LOGIN_IDX created.
table USERS altered.
table ITEMS created.
unique index ITEMS_PK created.
table ITEMS altered.
table ITEMS altered.
table ITEMS altered.
table BIDS created.
unique index BIDS_PK created.
unique index BIDS_BIDDER_IDX created.
unique index BIDS_ITEM_IDX created.
table BIDS altered.
table BIDS altered.
table BIDS altered.
committed.
> @@CreateSequences.sql
sequence USERS_PK_SEQ created.
sequence ITEMS_PK_SEQ created.
sequence BIDS_PK_SEQ created.
committed.
> @@CreateTriggers.sql
TRIGGER USERS_BIS_TRG compiled
TRIGGER ITEMS_BIS_TRG compiled
TRIGGER BIDS_BIS_TRG compiled
committed.
> @@InsertData.sql
1 rows inserted.
1 rows inserted.
1 rows inserted.
1 rows inserted.
1 rows inserted.
committed.
